<?xml version="1.0" encoding="UTF-8"?>
<!-- Generated by org.testng.reporters.JUnitReportReporter -->
<testsuite hostname="LAPTOP-VA1EAFHF" failures="0" tests="1" name="com.jenkins.demo.FacebookTest" time="31.184" errors="0" timestamp="12 May 2018 06:55:05 GMT">
  <testcase classname="com.jenkins.demo.FacebookTest" name="facebookLogin" time="31.184"/>
</testsuite> <!-- com.jenkins.demo.FacebookTest -->
